<?xml version="1.0" encoding="UTF-8"?>
<!-- Generated by org.testng.reporters.JUnitXMLReporter -->
<testsuite hostname="SINDIYA-DIPIN" ignored="3" name="Groups-Filter-Wildcard" tests="3" failures="0" timestamp="2020-07-05T11:24:26 IST" time="0.059" errors="0">
  <testcase name="laptop2" time="0.011" classname="testng.practice.GroupsOfGroups"/>
  <testcase name="phone2" time="0.001" classname="testng.practice.GroupsOfGroups"/>
  <testcase name="tablet2" time="0.0" classname="testng.practice.GroupsOfGroups"/>
  <testcase name="laptop1" time="0.0" classname="testng.practice.GroupsOfGroups">
    <ignored/>
  </testcase> <!-- laptop1 -->
  <testcase name="tablet1" time="0.0" classname="testng.practice.GroupsOfGroups">
    <ignored/>
  </testcase> <!-- tablet1 -->
  <testcase name="phone1" time="0.0" classname="testng.practice.GroupsOfGroups">
    <ignored/>
  </testcase> <!-- phone1 -->
</testsuite> <!-- Groups-Filter-Wildcard -->
