<?xml version="1.0" encoding="UTF-8"?>
<!-- Generated by org.testng.reporters.JUnitXMLReporter -->
<testsuite hostname="SINDIYA-DIPIN" ignored="7" name="Groups" tests="3" failures="0" timestamp="2020-07-05T11:19:25 IST" time="0.06" errors="0">
  <testcase name="child1" time="0.008" classname="testng.practice.Groups"/>
  <testcase name="child2" time="0.002" classname="testng.practice.Groups"/>
  <testcase name="child3" time="0.002" classname="testng.practice.Groups"/>
  <testcase name="tablet1" time="0.0" classname="testng.practice.Groups">
    <ignored/>
  </testcase> <!-- tablet1 -->
  <testcase name="laptop1" time="0.0" classname="testng.practice.Groups">
    <ignored/>
  </testcase> <!-- laptop1 -->
  <testcase name="phone1" time="0.0" classname="testng.practice.Groups">
    <ignored/>
  </testcase> <!-- phone1 -->
  <testcase name="child4" time="0.0" classname="testng.practice.Groups">
    <ignored/>
  </testcase> <!-- child4 -->
  <testcase name="tablet2" time="0.0" classname="testng.practice.Groups">
    <ignored/>
  </testcase> <!-- tablet2 -->
  <testcase name="laptop2" time="0.0" classname="testng.practice.Groups">
    <ignored/>
  </testcase> <!-- laptop2 -->
  <testcase name="phone2" time="0.0" classname="testng.practice.Groups">
    <ignored/>
  </testcase> <!-- phone2 -->
</testsuite> <!-- Groups -->
