<?xml version="1.0" encoding="UTF-8"?>
<!-- Generated by org.testng.reporters.JUnitXMLReporter -->
<testsuite hostname="SINDIYA-DIPIN" ignored="3" tests="0" failures="0" timestamp="2020-07-05T12:14:51 IST" time="0.013" errors="0">
  <testcase name="child1" time="0.0" classname="testng.practice.IgnoreTests">
    <ignored/>
  </testcase> <!-- child1 -->
  <testcase name="child2" time="0.0" classname="testng.practice.IgnoreTests">
    <ignored/>
  </testcase> <!-- child2 -->
  <testcase name="child3" time="0.0" classname="testng.practice.IgnoreTests">
    <ignored/>
  </testcase> <!-- child3 -->
</testsuite>
