<?xml version="1.0" encoding="UTF-8"?>
<!-- Generated by org.testng.reporters.JUnitXMLReporter -->
<testsuite hostname="SINDIYA-DIPIN" ignored="0" name="Package-Level" tests="9" failures="0" timestamp="2020-07-05T10:56:01 IST" time="0.105" errors="0">
  <testcase name="exclude" time="0.011" classname="testng.practice.IncludeAndExclude"/>
  <testcase name="include" time="0.002" classname="testng.practice.IncludeAndExclude"/>
  <testcase name="method1" time="0.002" classname="testng.practice.IncludeAndExclude"/>
  <testcase name="Moon_start" time="0.001" classname="testng.practice.RunMethodsByWildcard"/>
  <testcase name="Sun_start" time="0.002" classname="testng.practice.RunMethodsByWildcard"/>
  <testcase name="earth" time="0.001" classname="testng.practice.RunMethodsByWildcard"/>
  <testcase name="Moon_end" time="0.001" classname="testng.practice.RunMethodsByWildcard"/>
  <testcase name="Sun_end" time="0.003" classname="testng.practice.RunMethodsByWildcard"/>
  <testcase name="returnsNothing" time="0.002" classname="testng.practice.TestThatReturnAValue"/>
</testsuite> <!-- Package-Level -->
