<?xml version="1.0" encoding="UTF-8"?>
<!-- Generated by org.testng.reporters.JUnitXMLReporter -->
<testsuite hostname="SINDIYA-DIPIN" ignored="0" name="Parameterization-xml" tests="9" failures="0" timestamp="2020-07-05T11:47:15 IST" time="0.081" errors="0">
  <testcase name="getSingerInfo" time="0.007" classname="testng.practice.ParameterizationDataProvider"/>
  <testcase name="getSingerInfo" time="0.001" classname="testng.practice.ParameterizationDataProvider"/>
  <testcase name="getSingerInfo" time="0.001" classname="testng.practice.ParameterizationDataProvider"/>
  <testcase name="getSingerInfo" time="0.002" classname="testng.practice.ParameterizationDataProvider"/>
  <testcase name="getSingerInfo" time="0.002" classname="testng.practice.ParameterizationDataProvider"/>
  <testcase name="getSingerInfo" time="0.002" classname="testng.practice.ParameterizationDataProvider"/>
  <testcase name="getSingerInfo" time="0.001" classname="testng.practice.ParameterizationDataProvider"/>
  <testcase name="getSingerInfo" time="0.002" classname="testng.practice.ParameterizationDataProvider"/>
  <testcase name="getSingerInfo" time="0.001" classname="testng.practice.ParameterizationDataProvider"/>
</testsuite> <!-- Parameterization-xml -->
