<?xml version="1.0" encoding="UTF-8"?>
<!-- Generated by org.testng.reporters.JUnitXMLReporter -->
<testsuite hostname="SINDIYA-DIPIN" ignored="2" name="Partial-Group" tests="2" failures="0" timestamp="2020-07-05T11:33:47 IST" time="0.055" errors="0">
  <testcase name="tester1" time="0.009" classname="testng.practice.PartialGroups"/>
  <testcase name="tester2" time="0.003" classname="testng.practice.PartialGroups"/>
  <testcase name="developer" time="0.0" classname="testng.practice.PartialGroups">
    <ignored/>
  </testcase> <!-- developer -->
  <testcase name="business1" time="0.0" classname="testng.practice.PartialGroups">
    <ignored/>
  </testcase> <!-- business1 -->
</testsuite> <!-- Partial-Group -->
