<?xml version="1.0" encoding="UTF-8"?>
<!-- Generated by org.testng.reporters.JUnitXMLReporter -->
<testsuite hostname="SINDIYA-DIPIN" ignored="0" name="TestThatReturnsSomething" tests="2" failures="0" timestamp="2020-07-05T08:07:18 IST" time="0.05" errors="0">
  <testcase name="returnsInt" time="0.008" classname="testng.practice.TestThatReturnAValue"/>
  <testcase name="returnsNothing" time="0.001" classname="testng.practice.TestThatReturnAValue"/>
</testsuite> <!-- TestThatReturnsSomething -->
